PO.htm
code/PRG_Page_h.htm
code/PRG_Page_dPRG.htm
code/FTP.PRG/Main_h.htm
code/FTP.PRG/Main_d.main program.htm
code/FTP.PRG/Main_t.htm
code/FTP.PRG/cls._list_parser.htm
code/FTP.PRG/cls._list_parser.finddt.htm
code/FTP.PRG/cls._list_parser.formatdt.htm
code/FTP.PRG/cls._list_parser_0.htm
code/FTP.PRG/cls._list_parser_0.parse.htm
code/FTP.PRG/cls._list_parser_1.htm
code/FTP.PRG/cls._list_parser_1.parse.htm
code/FTP.PRG/cls._list_parser_2.htm
code/FTP.PRG/cls._list_parser_3.htm
code/FTP.PRG/cls._list_parser_4.htm
code/FTP.PRG/cls._list_parser_4.parse.htm
code/FTP.PRG/cls._list_parser_5.htm
code/FTP.PRG/cls._list_parser_engine.htm
code/FTP.PRG/cls._list_parser_engine.checkformat.htm
code/FTP.PRG/cls._list_parser_engine.parse.htm
code/FTP.PRG/cls.ftp_service.htm
code/FTP.PRG/cls.ftp_service._ftpcommand.htm
code/FTP.PRG/cls.ftp_service.aftercreateftpdirectory.htm
code/FTP.PRG/cls.ftp_service.autodialhangup.htm
code/FTP.PRG/cls.ftp_service.autodialinternet.htm
code/FTP.PRG/cls.ftp_service.changeftpdirectory.htm
code/FTP.PRG/cls.ftp_service.closeftpconnection.htm
code/FTP.PRG/cls.ftp_service.closeinternet.htm
code/FTP.PRG/cls.ftp_service.crackattributes.htm
code/FTP.PRG/cls.ftp_service.crackdate.htm
code/FTP.PRG/cls.ftp_service.crackfile.htm
code/FTP.PRG/cls.ftp_service.createftpdirectory.htm
code/FTP.PRG/cls.ftp_service.deleteftpfile.htm
code/FTP.PRG/cls.ftp_service.dialhangup.htm
code/FTP.PRG/cls.ftp_service.dialinternet.htm
code/FTP.PRG/cls.ftp_service.ftpcommand.htm
code/FTP.PRG/cls.ftp_service.getcachingmethod.htm
code/FTP.PRG/cls.ftp_service.getconnectedstate.htm
code/FTP.PRG/cls.ftp_service.geterrorcode.htm
code/FTP.PRG/cls.ftp_service.geterrortext.htm
code/FTP.PRG/cls.ftp_service.getextendederror.htm
code/FTP.PRG/cls.ftp_service.getextendederrorcode.htm
code/FTP.PRG/cls.ftp_service.getextendederrormsg.htm
code/FTP.PRG/cls.ftp_service.getfilesize.htm
code/FTP.PRG/cls.ftp_service.getftpdirectory.htm
code/FTP.PRG/cls.ftp_service.getftpdirectoryarray.htm
code/FTP.PRG/cls.ftp_service.getftpfile.htm
code/FTP.PRG/cls.ftp_service.getsystemoption.htm
code/FTP.PRG/cls.ftp_service.goonline.htm
code/FTP.PRG/cls.ftp_service.init.htm
code/FTP.PRG/cls.ftp_service.isglobaloffline.htm
code/FTP.PRG/cls.ftp_service.list.htm
code/FTP.PRG/cls.ftp_service.loadapifuncs.htm
code/FTP.PRG/cls.ftp_service.nlst.htm
code/FTP.PRG/cls.ftp_service.openftpconnection.htm
code/FTP.PRG/cls.ftp_service.openinternet.htm
code/FTP.PRG/cls.ftp_service.putftpfile.htm
code/FTP.PRG/cls.ftp_service.readftpfile.htm
code/FTP.PRG/cls.ftp_service.readtree.htm
code/FTP.PRG/cls.ftp_service.removeftpdirectory.htm
code/FTP.PRG/cls.ftp_service.renameftpfile.htm
code/FTP.PRG/cls.ftp_service.resetcachingmethod.htm
code/FTP.PRG/cls.ftp_service.setcachingmethod.htm
code/FTP.PRG/cls.ftp_service.setextendederror.htm
code/FTP.PRG/cls.ftp_service.wininetsetoptions.htm
code/FTP.PRG/cls.ftp_service.writeftpfile.htm
others/XXX_Page_h.htm
others/XXX_Page_dHPP.htm
others/CORE.H/Main_h.htm
others/CORE.H/Main_d.htm
others/FTP.H/Main_h.htm
others/FTP.H/Main_d.htm
Custom.htm
GCT.htm
